# JRE version: OpenJDK Runtime Environment (17.0.11) (build 17.0.11+0--11852314)
# Java VM: OpenJDK 64-Bit Server VM (17.0.11+0--11852314, mixed mode, tiered, compressed oops, compressed class ptrs, g1 gc, windows-amd64)
GC Precious Log:
 CPUs: 8 total, 8 available
 Memory: 16057M
 Large Page Support: Disabled
 NUMA Support: Disabled
 Compressed Oops: Enabled (32-bit)
 Heap Region Size: 1M
 Heap Min Capacity: 8M
 Heap Initial Capacity: 252M
 Heap Max Capacity: 2G
 Pre-touch: Disabled
 Parallel Workers: 8
 Concurrent Workers: 2
 Concurrent Refinement Workers: 8
 Periodic GC: Disabled
Heap:
 garbage-first heap   total 375808K, used 287003K [0x0000000080000000, 0x0000000100000000)
  region size 1024K, 59 young (60416K), 5 survivors (5120K)
 Metaspace       used 195088K, committed 196096K, reserved 1245184K
  class space    used 25231K, committed 25728K, reserved 1048576K
GC Heap History (20 events):
Event: 14.155 GC heap before
{Heap before GC invocations=54 (full 0):
 garbage-first heap   total 372736K, used 307416K [0x0000000080000000, 0x0000000100000000)
  region size 1024K, 175 young (179200K), 15 survivors (15360K)
 Metaspace       used 144116K, committed 144960K, reserved 1179648K
  class space    used 18611K, committed 19008K, reserved 1048576K
}
Event: 14.171 GC heap after
{Heap after GC invocations=55 (full 0):
 garbage-first heap   total 372736K, used 160193K [0x0000000080000000, 0x0000000100000000)
  region size 1024K, 22 young (22528K), 22 survivors (22528K)
 Metaspace       used 144116K, committed 144960K, reserved 1179648K
  class space    used 18611K, committed 19008K, reserved 1048576K
}
Event: 15.125 GC heap before
{Heap before GC invocations=55 (full 0):
 garbage-first heap   total 372736K, used 310721K [0x0000000080000000, 0x0000000100000000)
  region size 1024K, 152 young (155648K), 22 survivors (22528K)
 Metaspace       used 147914K, committed 148736K, reserved 1179648K
  class space    used 19056K, committed 19456K, reserved 1048576K
}
Event: 15.134 GC heap after
{Heap after GC invocations=56 (full 0):
 garbage-first heap   total 372736K, used 184588K [0x0000000080000000, 0x0000000100000000)
  region size 1024K, 10 young (10240K), 10 survivors (10240K)
 Metaspace       used 147914K, committed 148736K, reserved 1179648K
  class space    used 19056K, committed 19456K, reserved 1048576K
}
Event: 16.200 GC heap before
{Heap before GC invocations=56 (full 0):
 garbage-first heap   total 372736K, used 307468K [0x0000000080000000, 0x0000000100000000)
  region size 1024K, 125 young (128000K), 10 survivors (10240K)
 Metaspace       used 157371K, committed 158144K, reserved 1245184K
  class space    used 20234K, committed 20608K, reserved 1048576K
}
Event: 16.204 GC heap after
{Heap after GC invocations=57 (full 0):
 garbage-first heap   total 372736K, used 191029K [0x0000000080000000, 0x0000000100000000)
  region size 1024K, 16 young (16384K), 16 survivors (16384K)
 Metaspace       used 157371K, committed 158144K, reserved 1245184K
  class space    used 20234K, committed 20608K, reserved 1048576K
}
Event: 17.434 GC heap before
{Heap before GC invocations=57 (full 0):
 garbage-first heap   total 372736K, used 307765K [0x0000000080000000, 0x0000000100000000)
  region size 1024K, 126 young (129024K), 16 survivors (16384K)
 Metaspace       used 163948K, committed 164864K, reserved 1245184K
  class space    used 21130K, committed 21568K, reserved 1048576K
}
Event: 17.443 GC heap after
{Heap after GC invocations=58 (full 0):
 garbage-first heap   total 372736K, used 203395K [0x0000000080000000, 0x0000000100000000)
  region size 1024K, 16 young (16384K), 16 survivors (16384K)
 Metaspace       used 163948K, committed 164864K, reserved 1245184K
  class space    used 21130K, committed 21568K, reserved 1048576K
}
Event: 18.013 GC heap before
{Heap before GC invocations=58 (full 0):
 garbage-first heap   total 372736K, used 305795K [0x0000000080000000, 0x0000000100000000)
  region size 1024K, 115 young (117760K), 16 survivors (16384K)
 Metaspace       used 164074K, committed 164928K, reserved 1245184K
  class space    used 21130K, committed 21568K, reserved 1048576K
}
Event: 18.021 GC heap after
{Heap after GC invocations=59 (full 0):
 garbage-first heap   total 372736K, used 215810K [0x0000000080000000, 0x0000000100000000)
  region size 1024K, 13 young (13312K), 13 survivors (13312K)
 Metaspace       used 164074K, committed 164928K, reserved 1245184K
  class space    used 21130K, committed 21568K, reserved 1048576K
}
Event: 18.587 GC heap before
{Heap before GC invocations=59 (full 0):
 garbage-first heap   total 372736K, used 248578K [0x0000000080000000, 0x0000000100000000)
  region size 1024K, 46 young (47104K), 13 survivors (13312K)
 Metaspace       used 165219K, committed 166016K, reserved 1245184K
  class space    used 21177K, committed 21568K, reserved 1048576K
}
Event: 18.602 GC heap after
{Heap after GC invocations=60 (full 0):
 garbage-first heap   total 372736K, used 221040K [0x0000000080000000, 0x0000000100000000)
  region size 1024K, 7 young (7168K), 7 survivors (7168K)
 Metaspace       used 165219K, committed 166016K, reserved 1245184K
  class space    used 21177K, committed 21568K, reserved 1048576K
}
Event: 19.728 GC heap before
{Heap before GC invocations=61 (full 0):
 garbage-first heap   total 375808K, used 307056K [0x0000000080000000, 0x0000000100000000)
  region size 1024K, 91 young (93184K), 7 survivors (7168K)
 Metaspace       used 171513K, committed 172416K, reserved 1245184K
  class space    used 22092K, committed 22528K, reserved 1048576K
}
Event: 19.734 GC heap after
{Heap after GC invocations=62 (full 0):
 garbage-first heap   total 375808K, used 222142K [0x0000000080000000, 0x0000000100000000)
  region size 1024K, 9 young (9216K), 9 survivors (9216K)
 Metaspace       used 171513K, committed 172416K, reserved 1245184K
  class space    used 22092K, committed 22528K, reserved 1048576K
}
Event: 19.849 GC heap before
{Heap before GC invocations=62 (full 0):
 garbage-first heap   total 375808K, used 231358K [0x0000000080000000, 0x0000000100000000)
  region size 1024K, 18 young (18432K), 9 survivors (9216K)
 Metaspace       used 172113K, committed 172992K, reserved 1245184K
  class space    used 22241K, committed 22656K, reserved 1048576K
}
Event: 19.855 GC heap after
{Heap after GC invocations=63 (full 0):
 garbage-first heap   total 375808K, used 211408K [0x0000000080000000, 0x0000000100000000)
  region size 1024K, 2 young (2048K), 2 survivors (2048K)
 Metaspace       used 172113K, committed 172992K, reserved 1245184K
  class space    used 22241K, committed 22656K, reserved 1048576K
}
Event: 20.952 GC heap before
{Heap before GC invocations=63 (full 0):
 garbage-first heap   total 375808K, used 328144K [0x0000000080000000, 0x0000000100000000)
  region size 1024K, 100 young (102400K), 2 survivors (2048K)
 Metaspace       used 180005K, committed 180992K, reserved 1245184K
  class space    used 23269K, committed 23744K, reserved 1048576K
}
Event: 20.958 GC heap after
{Heap after GC invocations=64 (full 0):
 garbage-first heap   total 375808K, used 224776K [0x0000000080000000, 0x0000000100000000)
  region size 1024K, 10 young (10240K), 10 survivors (10240K)
 Metaspace       used 180005K, committed 180992K, reserved 1245184K
  class space    used 23269K, committed 23744K, reserved 1048576K
}
Event: 21.909 GC heap before
{Heap before GC invocations=64 (full 0):
 garbage-first heap   total 375808K, used 316936K [0x0000000080000000, 0x0000000100000000)
  region size 1024K, 96 young (98304K), 10 survivors (10240K)
 Metaspace       used 189604K, committed 190592K, reserved 1245184K
  class space    used 24558K, committed 25024K, reserved 1048576K
}
Event: 21.917 GC heap after
{Heap after GC invocations=65 (full 0):
 garbage-first heap   total 375808K, used 232731K [0x0000000080000000, 0x0000000100000000)
  region size 1024K, 5 young (5120K), 5 survivors (5120K)
 Metaspace       used 189604K, committed 190592K, reserved 1245184K
  class space    used 24558K, committed 25024K, reserved 1048576K
}

